2020-08-23 18:20:41.713652 >>> {command: get_health}
2020-08-23 18:20:41.734309 <<< {isError: false, response: {status: ok}, type: _extensionType, method: ext.flutter.driver}
2020-08-23 18:20:41.748467 >>> {command: waitFor, timeout: 10000, finderType: Descendant, of: {"finderType":"ByValueKey","keyValueString":"counter","keyValueType":"String"}, matching: {"finderType":"ByText","text":"0"}, matchRoot: true, firstMatchOnly: false}
2020-08-23 18:20:41.774280 <<< {isError: false, response: {}, type: _extensionType, method: ext.flutter.driver}
2020-08-23 18:20:41.779343 >>> {command: tap, finderType: ByValueKey, keyValueString: increment, keyValueType: String}
2020-08-23 18:20:41.875237 <<< {isError: false, response: {}, type: _extensionType, method: ext.flutter.driver}
2020-08-23 18:20:41.876641 >>> {command: waitFor, timeout: 10000, finderType: Descendant, of: {"finderType":"ByValueKey","keyValueString":"counter","keyValueType":"String"}, matching: {"finderType":"ByText","text":"1"}, matchRoot: true, firstMatchOnly: false}
2020-08-23 18:20:42.110715 <<< {isError: false, response: {}, type: _extensionType, method: ext.flutter.driver}
2020-08-23 18:21:38.523211 >>> {command: get_health}
2020-08-23 18:21:39.090413 <<< {isError: false, response: {status: ok}, type: _extensionType, method: ext.flutter.driver}
2020-08-23 18:21:39.124749 >>> {command: waitFor, timeout: 10000, finderType: Descendant, of: {"finderType":"ByValueKey","keyValueString":"counter","keyValueType":"String"}, matching: {"finderType":"ByText","text":"0"}, matchRoot: true, firstMatchOnly: false}
2020-08-23 18:21:39.180441 <<< {isError: false, response: {}, type: _extensionType, method: ext.flutter.driver}
2020-08-23 18:21:39.206638 >>> {command: tap, finderType: ByValueKey, keyValueString: increment, keyValueType: String}
2020-08-23 18:21:39.334506 <<< {isError: false, response: {}, type: _extensionType, method: ext.flutter.driver}
2020-08-23 18:21:39.336331 >>> {command: waitFor, timeout: 10000, finderType: Descendant, of: {"finderType":"ByValueKey","keyValueString":"counter","keyValueType":"String"}, matching: {"finderType":"ByText","text":"1"}, matchRoot: true, firstMatchOnly: false}
2020-08-23 18:21:39.598201 <<< {isError: false, response: {}, type: _extensionType, method: ext.flutter.driver}
2020-08-23 18:22:32.313925 >>> {command: get_health}
2020-08-23 18:22:33.865038 <<< {isError: false, response: {status: ok}, type: _extensionType, method: ext.flutter.driver}
2020-08-23 18:22:33.886056 >>> {command: waitFor, timeout: 10000, finderType: Descendant, of: {"finderType":"ByValueKey","keyValueString":"counter","keyValueType":"String"}, matching: {"finderType":"ByText","text":"0"}, matchRoot: true, firstMatchOnly: false}
2020-08-23 18:22:34.110446 <<< {isError: false, response: {}, type: _extensionType, method: ext.flutter.driver}
2020-08-23 18:22:34.116545 >>> {command: tap, finderType: ByValueKey, keyValueString: increment, keyValueType: String}
2020-08-23 18:22:34.714822 <<< {isError: false, response: {}, type: _extensionType, method: ext.flutter.driver}
2020-08-23 18:22:34.716616 >>> {command: waitFor, timeout: 10000, finderType: Descendant, of: {"finderType":"ByValueKey","keyValueString":"counter","keyValueType":"String"}, matching: {"finderType":"ByText","text":"1"}, matchRoot: true, firstMatchOnly: false}
2020-08-23 18:22:35.279750 <<< {isError: false, response: {}, type: _extensionType, method: ext.flutter.driver}
2020-08-23 18:58:40.734065 >>> {command: get_health}
2020-08-23 18:58:44.268265 <<< {isError: false, response: {status: ok}, type: _extensionType, method: ext.flutter.driver}
2020-08-23 18:58:44.282079 >>> {command: waitFor, timeout: 10000, finderType: Descendant, of: {"finderType":"ByValueKey","keyValueString":"counter","keyValueType":"String"}, matching: {"finderType":"ByText","text":"0"}, matchRoot: true, firstMatchOnly: false}
2020-08-23 18:58:44.399953 <<< {isError: false, response: {}, type: _extensionType, method: ext.flutter.driver}
2020-08-23 18:58:44.404495 >>> {command: tap, finderType: ByValueKey, keyValueString: increment, keyValueType: String}
2020-08-23 18:58:45.021991 <<< {isError: false, response: {}, type: _extensionType, method: ext.flutter.driver}
2020-08-23 18:58:45.023943 >>> {command: waitFor, timeout: 10000, finderType: Descendant, of: {"finderType":"ByValueKey","keyValueString":"counter","keyValueType":"String"}, matching: {"finderType":"ByText","text":"1"}, matchRoot: true, firstMatchOnly: false}
2020-08-23 18:58:46.285025 <<< {isError: false, response: {}, type: _extensionType, method: ext.flutter.driver}
2020-08-23 21:28:14.147777 >>> {command: get_health}
2020-08-23 21:28:15.585697 <<< {isError: false, response: {status: ok}, type: _extensionType, method: ext.flutter.driver}
2020-08-23 21:28:15.607410 >>> {command: waitFor, timeout: 10000, finderType: Descendant, of: {"finderType":"ByValueKey","keyValueString":"counter","keyValueType":"String"}, matching: {"finderType":"ByText","text":"0"}, matchRoot: true, firstMatchOnly: false}
2020-08-23 21:28:15.782913 <<< {isError: false, response: {}, type: _extensionType, method: ext.flutter.driver}
2020-08-23 21:28:15.792886 >>> {command: tap, finderType: ByValueKey, keyValueString: increment, keyValueType: String}
2020-08-23 21:28:16.451307 <<< {isError: false, response: {}, type: _extensionType, method: ext.flutter.driver}
2020-08-23 21:28:16.453006 >>> {command: waitFor, timeout: 10000, finderType: Descendant, of: {"finderType":"ByValueKey","keyValueString":"counter","keyValueType":"String"}, matching: {"finderType":"ByText","text":"1"}, matchRoot: true, firstMatchOnly: false}
2020-08-23 21:28:17.074329 <<< {isError: false, response: {}, type: _extensionType, method: ext.flutter.driver}
2020-08-23 21:49:16.992142 >>> {command: get_health}
2020-08-23 21:49:18.369501 <<< {isError: false, response: {status: ok}, type: _extensionType, method: ext.flutter.driver}
2020-08-23 21:49:18.390517 >>> {command: waitFor, timeout: 10000, finderType: Descendant, of: {"finderType":"ByValueKey","keyValueString":"counter","keyValueType":"String"}, matching: {"finderType":"ByText","text":"0"}, matchRoot: true, firstMatchOnly: false}
2020-08-23 21:49:18.533199 <<< {isError: false, response: {}, type: _extensionType, method: ext.flutter.driver}
2020-08-23 21:49:18.539162 >>> {command: tap, finderType: ByValueKey, keyValueString: increment, keyValueType: String}
2020-08-23 21:49:19.227165 <<< {isError: false, response: {}, type: _extensionType, method: ext.flutter.driver}
2020-08-23 21:49:19.228954 >>> {command: waitFor, timeout: 10000, finderType: Descendant, of: {"finderType":"ByValueKey","keyValueString":"counter","keyValueType":"String"}, matching: {"finderType":"ByText","text":"1"}, matchRoot: true, firstMatchOnly: false}
2020-08-23 21:49:19.843437 <<< {isError: false, response: {}, type: _extensionType, method: ext.flutter.driver}
2020-08-23 22:17:18.598656 >>> {command: get_health}
2020-08-23 22:17:20.115861 <<< {isError: false, response: {status: ok}, type: _extensionType, method: ext.flutter.driver}
2020-08-23 22:17:20.136652 >>> {command: waitFor, timeout: 10000, finderType: Descendant, of: {"finderType":"ByValueKey","keyValueString":"counter","keyValueType":"String"}, matching: {"finderType":"ByText","text":"0"}, matchRoot: true, firstMatchOnly: false}
2020-08-23 22:17:20.323264 <<< {isError: false, response: {}, type: _extensionType, method: ext.flutter.driver}
2020-08-23 22:17:20.333294 >>> {command: tap, finderType: ByValueKey, keyValueString: increment, keyValueType: String}
2020-08-23 22:17:20.981884 <<< {isError: false, response: {}, type: _extensionType, method: ext.flutter.driver}
2020-08-23 22:17:20.983405 >>> {command: waitFor, timeout: 10000, finderType: Descendant, of: {"finderType":"ByValueKey","keyValueString":"counter","keyValueType":"String"}, matching: {"finderType":"ByText","text":"1"}, matchRoot: true, firstMatchOnly: false}
2020-08-23 22:17:21.589604 <<< {isError: false, response: {}, type: _extensionType, method: ext.flutter.driver}
2020-08-30 16:27:11.331442 >>> {command: get_health}
2020-08-30 16:27:11.366798 <<< {isError: false, response: {status: ok}, type: _extensionType, method: ext.flutter.driver}
2020-08-30 16:27:11.385868 >>> {command: waitFor, timeout: 10000, finderType: Descendant, of: {"finderType":"ByValueKey","keyValueString":"counter","keyValueType":"String"}, matching: {"finderType":"ByText","text":"0"}, matchRoot: true, firstMatchOnly: false}
2020-08-30 16:27:11.438566 <<< {isError: false, response: {}, type: _extensionType, method: ext.flutter.driver}
2020-08-30 16:27:11.442739 >>> {command: tap, finderType: ByValueKey, keyValueString: increment, keyValueType: String}
2020-08-30 16:27:11.696568 <<< {isError: false, response: {}, type: _extensionType, method: ext.flutter.driver}
2020-08-30 16:27:11.698243 >>> {command: waitFor, timeout: 10000, finderType: Descendant, of: {"finderType":"ByValueKey","keyValueString":"counter","keyValueType":"String"}, matching: {"finderType":"ByText","text":"1"}, matchRoot: true, firstMatchOnly: false}
2020-08-30 16:27:12.199560 <<< {isError: false, response: {}, type: _extensionType, method: ext.flutter.driver}
2020-08-30 16:27:23.114157 >>> {command: get_health}
2020-08-30 16:27:23.127770 <<< {isError: false, response: {status: ok}, type: _extensionType, method: ext.flutter.driver}
2020-08-30 16:27:23.145149 >>> {command: waitFor, timeout: 10000, finderType: Descendant, of: {"finderType":"ByValueKey","keyValueString":"counter","keyValueType":"String"}, matching: {"finderType":"ByText","text":"0"}, matchRoot: true, firstMatchOnly: false}
2020-08-30 16:27:33.194352 <<< {isError: true, response: Timeout while executing waitFor: TimeoutException after 0:00:10.000000: Future not completed
, type: _extensionType, method: ext.flutter.driver}
2020-08-30 16:27:33.231365 >>> {command: tap, finderType: ByValueKey, keyValueString: increment, keyValueType: String}
2020-08-30 16:27:33.261008 <<< {isError: false, response: {}, type: _extensionType, method: ext.flutter.driver}
2020-08-30 16:27:33.263616 >>> {command: waitFor, timeout: 10000, finderType: Descendant, of: {"finderType":"ByValueKey","keyValueString":"counter","keyValueType":"String"}, matching: {"finderType":"ByText","text":"1"}, matchRoot: true, firstMatchOnly: false}
2020-08-30 16:27:33.502135 <<< {isError: false, response: {}, type: _extensionType, method: ext.flutter.driver}
2020-08-30 16:28:13.194522 >>> {command: get_health}
2020-08-30 16:28:13.211903 <<< {isError: false, response: {status: ok}, type: _extensionType, method: ext.flutter.driver}
2020-08-30 16:28:13.229110 >>> {command: waitFor, timeout: 10000, finderType: Descendant, of: {"finderType":"ByValueKey","keyValueString":"counter","keyValueType":"String"}, matching: {"finderType":"ByText","text":"0"}, matchRoot: true, firstMatchOnly: false}
2020-08-30 16:28:13.269587 <<< {isError: false, response: {}, type: _extensionType, method: ext.flutter.driver}
2020-08-30 16:28:13.274343 >>> {command: tap, finderType: ByValueKey, keyValueString: increment, keyValueType: String}
2020-08-30 16:28:13.459653 <<< {isError: false, response: {}, type: _extensionType, method: ext.flutter.driver}
2020-08-30 16:28:13.461512 >>> {command: waitFor, timeout: 10000, finderType: Descendant, of: {"finderType":"ByValueKey","keyValueString":"counter","keyValueType":"String"}, matching: {"finderType":"ByText","text":"1"}, matchRoot: true, firstMatchOnly: false}
2020-08-30 16:28:13.940250 <<< {isError: false, response: {}, type: _extensionType, method: ext.flutter.driver}
2020-08-30 16:30:23.030872 >>> {command: get_health}
2020-08-30 16:30:23.054638 <<< {isError: false, response: {status: ok}, type: _extensionType, method: ext.flutter.driver}
2020-08-30 16:30:23.070979 >>> {command: waitFor, timeout: 10000, finderType: Descendant, of: {"finderType":"ByValueKey","keyValueString":"counter","keyValueType":"String"}, matching: {"finderType":"ByText","text":"0"}, matchRoot: true, firstMatchOnly: false}
2020-08-30 16:30:23.112245 <<< {isError: false, response: {}, type: _extensionType, method: ext.flutter.driver}
2020-08-30 16:30:23.116390 >>> {command: tap, finderType: ByValueKey, keyValueString: increment, keyValueType: String}
2020-08-30 16:30:23.304116 <<< {isError: false, response: {}, type: _extensionType, method: ext.flutter.driver}
2020-08-30 16:30:23.305886 >>> {command: waitFor, timeout: 10000, finderType: Descendant, of: {"finderType":"ByValueKey","keyValueString":"counter","keyValueType":"String"}, matching: {"finderType":"ByText","text":"1"}, matchRoot: true, firstMatchOnly: false}
2020-08-30 16:30:23.855530 <<< {isError: false, response: {}, type: _extensionType, method: ext.flutter.driver}
2020-08-30 16:31:07.770284 >>> {command: get_health}
2020-08-30 16:31:07.782578 <<< {isError: false, response: {status: ok}, type: _extensionType, method: ext.flutter.driver}
2020-08-30 16:31:07.805976 >>> {command: waitFor, timeout: 10000, finderType: Descendant, of: {"finderType":"ByValueKey","keyValueString":"counter","keyValueType":"String"}, matching: {"finderType":"ByText","text":"0"}, matchRoot: true, firstMatchOnly: false}
2020-08-30 16:31:37.824263 >>> {command: tap, finderType: ByValueKey, keyValueString: increment, keyValueType: String}
2020-08-30 16:31:37.830057 <<< {type: Sentinel, kind: Collected, valueAsString: <collected>}
2020-08-30 16:36:54.619329 >>> {command: get_health}
2020-08-30 16:36:54.648036 <<< {isError: false, response: {status: ok}, type: _extensionType, method: ext.flutter.driver}
2020-08-30 16:36:54.662007 >>> {command: waitFor, timeout: 10000, finderType: Descendant, of: {"finderType":"ByValueKey","keyValueString":"counter","keyValueType":"String"}, matching: {"finderType":"ByText","text":"0"}, matchRoot: true, firstMatchOnly: false}
2020-08-30 16:36:54.707275 <<< {isError: false, response: {}, type: _extensionType, method: ext.flutter.driver}
2020-08-30 16:36:54.711378 >>> {command: tap, finderType: ByValueKey, keyValueString: increment, keyValueType: String}
2020-08-30 16:36:54.894734 <<< {isError: false, response: {}, type: _extensionType, method: ext.flutter.driver}
2020-08-30 16:36:54.896546 >>> {command: waitFor, timeout: 10000, finderType: Descendant, of: {"finderType":"ByValueKey","keyValueString":"counter","keyValueType":"String"}, matching: {"finderType":"ByText","text":"1"}, matchRoot: true, firstMatchOnly: false}
2020-08-30 16:36:55.396358 <<< {isError: false, response: {}, type: _extensionType, method: ext.flutter.driver}
2020-08-30 16:39:04.068288 >>> {command: get_health}
2020-08-30 16:39:04.092675 <<< {isError: false, response: {status: ok}, type: _extensionType, method: ext.flutter.driver}
2020-08-30 16:39:04.106449 >>> {command: waitFor, timeout: 10000, finderType: Descendant, of: {"finderType":"ByValueKey","keyValueString":"counter","keyValueType":"String"}, matching: {"finderType":"ByText","text":"0"}, matchRoot: true, firstMatchOnly: false}
2020-08-30 16:39:04.152093 <<< {isError: false, response: {}, type: _extensionType, method: ext.flutter.driver}
2020-08-30 16:39:04.156605 >>> {command: tap, finderType: ByValueKey, keyValueString: increment, keyValueType: String}
2020-08-30 16:39:04.334526 <<< {isError: false, response: {}, type: _extensionType, method: ext.flutter.driver}
2020-08-30 16:39:04.336646 >>> {command: waitFor, timeout: 10000, finderType: Descendant, of: {"finderType":"ByValueKey","keyValueString":"counter","keyValueType":"String"}, matching: {"finderType":"ByText","text":"1"}, matchRoot: true, firstMatchOnly: false}
2020-08-30 16:39:04.779189 <<< {isError: false, response: {}, type: _extensionType, method: ext.flutter.driver}
2020-08-30 16:39:26.527991 >>> {command: get_health}
2020-08-30 16:39:26.557909 <<< {isError: false, response: {status: ok}, type: _extensionType, method: ext.flutter.driver}
2020-08-30 16:39:26.571340 >>> {command: waitFor, timeout: 10000, finderType: Descendant, of: {"finderType":"ByValueKey","keyValueString":"counter","keyValueType":"String"}, matching: {"finderType":"ByText","text":"0"}, matchRoot: true, firstMatchOnly: false}
2020-08-30 16:39:26.612092 <<< {isError: false, response: {}, type: _extensionType, method: ext.flutter.driver}
2020-08-30 16:39:26.622586 >>> {command: tap, finderType: ByValueKey, keyValueString: increment, keyValueType: String}
2020-08-30 16:39:26.800512 <<< {isError: false, response: {}, type: _extensionType, method: ext.flutter.driver}
2020-08-30 16:39:26.802551 >>> {command: waitFor, timeout: 10000, finderType: Descendant, of: {"finderType":"ByValueKey","keyValueString":"counter","keyValueType":"String"}, matching: {"finderType":"ByText","text":"1"}, matchRoot: true, firstMatchOnly: false}
2020-08-30 16:39:27.258613 <<< {isError: false, response: {}, type: _extensionType, method: ext.flutter.driver}
2020-08-30 16:39:47.367442 >>> {command: get_health}
2020-08-30 16:39:47.381484 <<< {isError: false, response: {status: ok}, type: _extensionType, method: ext.flutter.driver}
2020-08-30 16:39:47.395322 >>> {command: waitFor, timeout: 10000, finderType: Descendant, of: {"finderType":"ByValueKey","keyValueString":"counter","keyValueType":"String"}, matching: {"finderType":"ByText","text":"0"}, matchRoot: true, firstMatchOnly: false}
2020-08-30 16:39:57.451741 <<< {isError: true, response: Timeout while executing waitFor: TimeoutException after 0:00:10.000000: Future not completed
, type: _extensionType, method: ext.flutter.driver}
2020-08-30 16:39:57.491676 >>> {command: tap, finderType: ByValueKey, keyValueString: increment, keyValueType: String}
2020-08-30 16:39:57.524112 <<< {isError: false, response: {}, type: _extensionType, method: ext.flutter.driver}
2020-08-30 16:39:57.554855 >>> {command: waitFor, timeout: 10000, finderType: Descendant, of: {"finderType":"ByValueKey","keyValueString":"counter","keyValueType":"String"}, matching: {"finderType":"ByText","text":"1"}, matchRoot: true, firstMatchOnly: false}
2020-08-30 16:39:57.770013 <<< {isError: false, response: {}, type: _extensionType, method: ext.flutter.driver}
2020-08-30 16:41:43.863545 >>> {command: get_health}
2020-08-30 16:41:43.891076 <<< {isError: false, response: {status: ok}, type: _extensionType, method: ext.flutter.driver}
2020-08-30 16:41:43.904029 >>> {command: waitFor, timeout: 10000, finderType: Descendant, of: {"finderType":"ByValueKey","keyValueString":"counter","keyValueType":"String"}, matching: {"finderType":"ByText","text":"0"}, matchRoot: true, firstMatchOnly: false}
2020-08-30 16:41:43.944053 <<< {isError: false, response: {}, type: _extensionType, method: ext.flutter.driver}
2020-08-30 16:41:43.953676 >>> {command: tap, finderType: ByValueKey, keyValueString: increment, keyValueType: String}
2020-08-30 16:41:44.134163 <<< {isError: false, response: {}, type: _extensionType, method: ext.flutter.driver}
2020-08-30 16:41:44.136776 >>> {command: waitFor, timeout: 10000, finderType: Descendant, of: {"finderType":"ByValueKey","keyValueString":"counter","keyValueType":"String"}, matching: {"finderType":"ByText","text":"1"}, matchRoot: true, firstMatchOnly: false}
2020-08-30 16:41:44.593001 <<< {isError: false, response: {}, type: _extensionType, method: ext.flutter.driver}
2020-08-30 16:42:10.188141 >>> {command: get_health}
2020-08-30 16:42:10.213643 <<< {isError: false, response: {status: ok}, type: _extensionType, method: ext.flutter.driver}
2020-08-30 16:42:10.232099 >>> {command: waitFor, timeout: 10000, finderType: Descendant, of: {"finderType":"ByValueKey","keyValueString":"counter","keyValueType":"String"}, matching: {"finderType":"ByText","text":"0"}, matchRoot: true, firstMatchOnly: false}
2020-08-30 16:42:10.273033 <<< {isError: false, response: {}, type: _extensionType, method: ext.flutter.driver}
2020-08-30 16:42:10.277371 >>> {command: tap, finderType: ByValueKey, keyValueString: increment, keyValueType: String}
2020-08-30 16:42:10.464519 <<< {isError: false, response: {}, type: _extensionType, method: ext.flutter.driver}
2020-08-30 16:42:10.466391 >>> {command: waitFor, timeout: 10000, finderType: Descendant, of: {"finderType":"ByValueKey","keyValueString":"counter","keyValueType":"String"}, matching: {"finderType":"ByText","text":"1"}, matchRoot: true, firstMatchOnly: false}
2020-08-30 16:42:10.965462 <<< {isError: false, response: {}, type: _extensionType, method: ext.flutter.driver}
2020-08-30 16:42:32.792908 >>> {command: get_health}
2020-08-30 16:42:32.804975 <<< {isError: false, response: {status: ok}, type: _extensionType, method: ext.flutter.driver}
2020-08-30 16:42:32.818648 >>> {command: waitFor, timeout: 10000, finderType: Descendant, of: {"finderType":"ByValueKey","keyValueString":"counter","keyValueType":"String"}, matching: {"finderType":"ByText","text":"0"}, matchRoot: true, firstMatchOnly: false}
2020-08-30 16:43:02.847148 >>> {command: tap, finderType: ByValueKey, keyValueString: increment, keyValueType: String}
2020-08-30 16:43:02.856676 <<< {type: Sentinel, kind: Collected, valueAsString: <collected>}
2020-08-30 16:44:56.816058 >>> {command: get_health}
2020-08-30 16:44:56.848504 <<< {isError: false, response: {status: ok}, type: _extensionType, method: ext.flutter.driver}
2020-08-30 16:44:56.861841 >>> {command: waitFor, timeout: 10000, finderType: Descendant, of: {"finderType":"ByValueKey","keyValueString":"counter","keyValueType":"String"}, matching: {"finderType":"ByText","text":"0"}, matchRoot: true, firstMatchOnly: false}
2020-08-30 16:45:06.930976 <<< {isError: true, response: Timeout while executing waitFor: TimeoutException after 0:00:10.000000: Future not completed
, type: _extensionType, method: ext.flutter.driver}
2020-08-30 16:45:06.968245 >>> {command: tap, finderType: ByValueKey, keyValueString: increment, keyValueType: String}
2020-08-30 16:45:07.045369 <<< {isError: false, response: {}, type: _extensionType, method: ext.flutter.driver}
2020-08-30 16:45:07.047219 >>> {command: waitFor, timeout: 10000, finderType: Descendant, of: {"finderType":"ByValueKey","keyValueString":"counter","keyValueType":"String"}, matching: {"finderType":"ByText","text":"1"}, matchRoot: true, firstMatchOnly: false}
2020-08-30 16:45:07.377486 <<< {isError: false, response: {}, type: _extensionType, method: ext.flutter.driver}
2020-08-30 16:48:40.184232 >>> {command: get_health}
2020-08-30 16:48:40.213707 <<< {isError: false, response: {status: ok}, type: _extensionType, method: ext.flutter.driver}
2020-08-30 16:48:40.227297 >>> {command: waitFor, timeout: 10000, finderType: Descendant, of: {"finderType":"ByValueKey","keyValueString":"counter","keyValueType":"String"}, matching: {"finderType":"ByText","text":"0"}, matchRoot: true, firstMatchOnly: false}
2020-08-30 16:48:50.301108 <<< {isError: true, response: Timeout while executing waitFor: TimeoutException after 0:00:10.000000: Future not completed
, type: _extensionType, method: ext.flutter.driver}
2020-08-30 16:48:50.346290 >>> {command: tap, finderType: ByValueKey, keyValueString: increment, keyValueType: String}
2020-08-30 16:48:50.459535 <<< {isError: false, response: {}, type: _extensionType, method: ext.flutter.driver}
2020-08-30 16:48:50.461302 >>> {command: waitFor, timeout: 10000, finderType: Descendant, of: {"finderType":"ByValueKey","keyValueString":"counter","keyValueType":"String"}, matching: {"finderType":"ByText","text":"1"}, matchRoot: true, firstMatchOnly: false}
2020-08-30 16:48:50.735532 <<< {isError: false, response: {}, type: _extensionType, method: ext.flutter.driver}
2020-08-30 16:50:12.344047 >>> {command: get_health}
2020-08-30 16:50:12.367834 <<< {isError: false, response: {status: ok}, type: _extensionType, method: ext.flutter.driver}
2020-08-30 16:50:12.388845 >>> {command: waitFor, timeout: 10000, finderType: Descendant, of: {"finderType":"ByValueKey","keyValueString":"counter","keyValueType":"String"}, matching: {"finderType":"ByText","text":"0"}, matchRoot: true, firstMatchOnly: false}
2020-08-30 16:50:22.451115 <<< {isError: true, response: Timeout while executing waitFor: TimeoutException after 0:00:10.000000: Future not completed
, type: _extensionType, method: ext.flutter.driver}
2020-08-30 16:50:22.487811 >>> {command: tap, finderType: ByValueKey, keyValueString: increment, keyValueType: String}
2020-08-30 16:50:22.558997 <<< {isError: false, response: {}, type: _extensionType, method: ext.flutter.driver}
2020-08-30 16:50:22.561162 >>> {command: waitFor, timeout: 10000, finderType: Descendant, of: {"finderType":"ByValueKey","keyValueString":"counter","keyValueType":"String"}, matching: {"finderType":"ByText","text":"1"}, matchRoot: true, firstMatchOnly: false}
2020-08-30 16:50:22.845793 <<< {isError: false, response: {}, type: _extensionType, method: ext.flutter.driver}
2020-08-30 17:14:07.891275 >>> {command: get_health}
2020-08-30 17:14:07.905543 <<< {isError: false, response: {status: ok}, type: _extensionType, method: ext.flutter.driver}
2020-08-30 17:14:07.919126 >>> {command: waitFor, timeout: 10000, finderType: Descendant, of: {"finderType":"ByValueKey","keyValueString":"counter","keyValueType":"String"}, matching: {"finderType":"ByText","text":"0"}, matchRoot: true, firstMatchOnly: false}
2020-08-30 17:14:17.941521 <<< {isError: true, response: Timeout while executing waitFor: TimeoutException after 0:00:10.000000: Future not completed
, type: _extensionType, method: ext.flutter.driver}
2020-08-30 17:14:17.978561 >>> {command: tap, finderType: ByValueKey, keyValueString: increment, keyValueType: String}
2020-08-30 17:14:18.002573 <<< {isError: false, response: {}, type: _extensionType, method: ext.flutter.driver}
2020-08-30 17:14:18.005533 >>> {command: waitFor, timeout: 10000, finderType: Descendant, of: {"finderType":"ByValueKey","keyValueString":"counter","keyValueType":"String"}, matching: {"finderType":"ByText","text":"1"}, matchRoot: true, firstMatchOnly: false}
2020-08-30 17:14:28.134264 <<< {isError: true, response: Timeout while executing waitFor: TimeoutException after 0:00:10.000000: Future not completed
, type: _extensionType, method: ext.flutter.driver}
2020-08-30 17:21:36.050901 >>> {command: get_health}
2020-08-30 17:21:36.062281 <<< {isError: false, response: {status: ok}, type: _extensionType, method: ext.flutter.driver}
2020-08-30 17:21:36.081177 >>> {command: waitFor, timeout: 10000, finderType: Descendant, of: {"finderType":"ByValueKey","keyValueString":"counter","keyValueType":"String"}, matching: {"finderType":"ByText","text":"0"}, matchRoot: true, firstMatchOnly: false}
2020-08-30 17:21:46.106883 <<< {isError: true, response: Timeout while executing waitFor: TimeoutException after 0:00:10.000000: Future not completed
, type: _extensionType, method: ext.flutter.driver}
2020-08-30 17:21:46.147448 >>> {command: tap, finderType: ByValueKey, keyValueString: increment, keyValueType: String}
2020-08-30 17:21:46.183570 <<< {isError: false, response: {}, type: _extensionType, method: ext.flutter.driver}
2020-08-30 17:21:46.193049 >>> {command: waitFor, timeout: 10000, finderType: Descendant, of: {"finderType":"ByValueKey","keyValueString":"counter","keyValueType":"String"}, matching: {"finderType":"ByText","text":"1"}, matchRoot: true, firstMatchOnly: false}
2020-08-30 17:21:56.300478 <<< {isError: true, response: Timeout while executing waitFor: TimeoutException after 0:00:10.000000: Future not completed
, type: _extensionType, method: ext.flutter.driver}
2020-08-30 17:22:20.715834 >>> {command: get_health}
2020-08-30 17:22:20.745597 <<< {isError: false, response: {status: ok}, type: _extensionType, method: ext.flutter.driver}
2020-08-30 17:22:20.761751 >>> {command: waitFor, timeout: 10000, finderType: Descendant, of: {"finderType":"ByValueKey","keyValueString":"counter","keyValueType":"String"}, matching: {"finderType":"ByText","text":"0"}, matchRoot: true, firstMatchOnly: false}
2020-08-30 17:22:20.802650 <<< {isError: false, response: {}, type: _extensionType, method: ext.flutter.driver}
2020-08-30 17:22:20.807717 >>> {command: tap, finderType: ByValueKey, keyValueString: increment, keyValueType: String}
2020-08-30 17:22:20.992201 <<< {isError: false, response: {}, type: _extensionType, method: ext.flutter.driver}
2020-08-30 17:22:20.993872 >>> {command: waitFor, timeout: 10000, finderType: Descendant, of: {"finderType":"ByValueKey","keyValueString":"counter","keyValueType":"String"}, matching: {"finderType":"ByText","text":"1"}, matchRoot: true, firstMatchOnly: false}
2020-08-30 17:22:21.473147 <<< {isError: false, response: {}, type: _extensionType, method: ext.flutter.driver}
2020-08-30 17:26:00.632570 >>> {command: get_health}
2020-08-30 17:26:00.653960 <<< {isError: false, response: {status: ok}, type: _extensionType, method: ext.flutter.driver}
2020-08-30 17:26:00.689722 >>> {command: waitFor, timeout: 10000, finderType: Descendant, of: {"finderType":"ByValueKey","keyValueString":"counter","keyValueType":"String"}, matching: {"finderType":"ByText","text":"0"}, matchRoot: true, firstMatchOnly: false}
2020-08-30 17:26:30.703831 >>> {command: tap, finderType: ByValueKey, keyValueString: increment, keyValueType: String}
2020-08-30 17:26:30.709165 <<< {type: Sentinel, kind: Collected, valueAsString: <collected>}
2020-08-30 17:33:14.732663 >>> {command: get_health}
2020-08-30 17:33:14.757448 <<< {isError: false, response: {status: ok}, type: _extensionType, method: ext.flutter.driver}
2020-08-30 17:33:14.771286 >>> {command: waitFor, timeout: 10000, finderType: Descendant, of: {"finderType":"ByValueKey","keyValueString":"counter","keyValueType":"String"}, matching: {"finderType":"ByText","text":"0"}, matchRoot: true, firstMatchOnly: false}
2020-08-30 17:33:14.831889 <<< {isError: false, response: {}, type: _extensionType, method: ext.flutter.driver}
2020-08-30 17:33:14.845676 >>> {command: tap, finderType: ByValueKey, keyValueString: increment, keyValueType: String}
2020-08-30 17:33:15.048877 <<< {isError: false, response: {}, type: _extensionType, method: ext.flutter.driver}
2020-08-30 17:33:15.050494 >>> {command: waitFor, timeout: 10000, finderType: Descendant, of: {"finderType":"ByValueKey","keyValueString":"counter","keyValueType":"String"}, matching: {"finderType":"ByText","text":"1"}, matchRoot: true, firstMatchOnly: false}
2020-08-30 17:33:15.669969 <<< {isError: false, response: {}, type: _extensionType, method: ext.flutter.driver}
2020-09-05 09:44:18.238982 >>> {command: get_health}
2020-09-05 09:44:18.257103 <<< {isError: false, response: {status: ok}, type: _extensionType, method: ext.flutter.driver}
2020-09-05 09:44:18.273702 >>> {command: waitFor, timeout: 10000, finderType: Descendant, of: {"finderType":"ByValueKey","keyValueString":"counter","keyValueType":"String"}, matching: {"finderType":"ByText","text":"0"}, matchRoot: true, firstMatchOnly: false}
2020-09-05 09:44:18.319586 <<< {isError: false, response: {}, type: _extensionType, method: ext.flutter.driver}
2020-09-05 09:44:18.323765 >>> {command: tap, finderType: ByValueKey, keyValueString: increment, keyValueType: String}
2020-09-05 09:44:18.520076 <<< {isError: false, response: {}, type: _extensionType, method: ext.flutter.driver}
2020-09-05 09:44:18.521883 >>> {command: waitFor, timeout: 10000, finderType: Descendant, of: {"finderType":"ByValueKey","keyValueString":"counter","keyValueType":"String"}, matching: {"finderType":"ByText","text":"1"}, matchRoot: true, firstMatchOnly: false}
2020-09-05 09:44:19.102397 <<< {isError: false, response: {}, type: _extensionType, method: ext.flutter.driver}
2020-09-05 10:01:13.214735 >>> {command: get_health}
2020-09-05 10:01:13.236340 <<< {isError: false, response: {status: ok}, type: _extensionType, method: ext.flutter.driver}
2020-09-05 10:01:13.253127 >>> {command: waitFor, timeout: 10000, finderType: Descendant, of: {"finderType":"ByValueKey","keyValueString":"counter","keyValueType":"String"}, matching: {"finderType":"ByText","text":"0"}, matchRoot: true, firstMatchOnly: false}
2020-09-05 10:01:13.291270 <<< {isError: false, response: {}, type: _extensionType, method: ext.flutter.driver}
2020-09-05 10:01:13.295567 >>> {command: tap, finderType: ByValueKey, keyValueString: increment, keyValueType: String}
2020-09-05 10:01:13.477196 <<< {isError: false, response: {}, type: _extensionType, method: ext.flutter.driver}
2020-09-05 10:01:13.478786 >>> {command: waitFor, timeout: 10000, finderType: Descendant, of: {"finderType":"ByValueKey","keyValueString":"counter","keyValueType":"String"}, matching: {"finderType":"ByText","text":"1"}, matchRoot: true, firstMatchOnly: false}
2020-09-05 10:01:13.946328 <<< {isError: false, response: {}, type: _extensionType, method: ext.flutter.driver}
2020-09-05 10:08:19.549039 >>> {command: get_health}
2020-09-05 10:22:48.377996 >>> {command: get_health}
2020-09-05 10:22:49.624817 <<< {isError: false, response: {status: ok}, type: _extensionType, method: ext.flutter.driver}
2020-09-05 10:22:49.642929 >>> {command: waitFor, timeout: 10000, finderType: Descendant, of: {"finderType":"ByValueKey","keyValueString":"counter","keyValueType":"String"}, matching: {"finderType":"ByText","text":"0"}, matchRoot: true, firstMatchOnly: false}
2020-09-05 10:22:49.745572 <<< {isError: false, response: {}, type: _extensionType, method: ext.flutter.driver}
2020-09-05 10:22:49.754795 >>> {command: tap, finderType: ByValueKey, keyValueString: increment, keyValueType: String}
2020-09-05 10:22:50.081310 <<< {isError: false, response: {}, type: _extensionType, method: ext.flutter.driver}
2020-09-05 10:22:50.083160 >>> {command: waitFor, timeout: 10000, finderType: Descendant, of: {"finderType":"ByValueKey","keyValueString":"counter","keyValueType":"String"}, matching: {"finderType":"ByText","text":"1"}, matchRoot: true, firstMatchOnly: false}
2020-09-05 10:22:50.770712 <<< {isError: false, response: {}, type: _extensionType, method: ext.flutter.driver}
2020-09-05 10:23:13.838546 >>> {command: get_health}
2020-09-05 10:23:13.854025 <<< {isError: false, response: {status: ok}, type: _extensionType, method: ext.flutter.driver}
2020-09-05 10:23:13.871185 >>> {command: waitFor, timeout: 10000, finderType: Descendant, of: {"finderType":"ByValueKey","keyValueString":"counter","keyValueType":"String"}, matching: {"finderType":"ByText","text":"0"}, matchRoot: true, firstMatchOnly: false}
2020-09-05 10:23:43.903426 >>> {command: tap, finderType: ByValueKey, keyValueString: increment, keyValueType: String}
2020-09-05 10:23:43.915016 <<< {type: Sentinel, kind: Collected, valueAsString: <collected>}
2020-09-05 11:20:36.042311 >>> {command: get_health}
2020-09-05 11:20:36.067964 <<< {isError: false, response: {status: ok}, type: _extensionType, method: ext.flutter.driver}
2020-09-05 11:20:36.081745 >>> {command: waitFor, timeout: 10000, finderType: Descendant, of: {"finderType":"ByValueKey","keyValueString":"counter","keyValueType":"String"}, matching: {"finderType":"ByText","text":"0"}, matchRoot: true, firstMatchOnly: false}
2020-09-05 11:20:36.134517 <<< {isError: false, response: {}, type: _extensionType, method: ext.flutter.driver}
2020-09-05 11:20:36.139158 >>> {command: tap, finderType: ByValueKey, keyValueString: increment, keyValueType: String}
2020-09-05 11:20:36.327782 <<< {isError: false, response: {}, type: _extensionType, method: ext.flutter.driver}
2020-09-05 11:20:36.329556 >>> {command: waitFor, timeout: 10000, finderType: Descendant, of: {"finderType":"ByValueKey","keyValueString":"counter","keyValueType":"String"}, matching: {"finderType":"ByText","text":"1"}, matchRoot: true, firstMatchOnly: false}
2020-09-05 11:20:36.834671 <<< {isError: false, response: {}, type: _extensionType, method: ext.flutter.driver}
2020-09-05 11:21:05.777888 >>> {command: get_health}
2020-09-05 11:21:05.790259 <<< {isError: false, response: {status: ok}, type: _extensionType, method: ext.flutter.driver}
2020-09-05 11:21:05.809367 >>> {command: waitFor, timeout: 10000, finderType: Descendant, of: {"finderType":"ByValueKey","keyValueString":"counter","keyValueType":"String"}, matching: {"finderType":"ByText","text":"0"}, matchRoot: true, firstMatchOnly: false}
2020-09-05 11:21:35.831800 >>> {command: tap, finderType: ByValueKey, keyValueString: increment, keyValueType: String}
2020-09-05 11:21:35.837335 <<< {type: Sentinel, kind: Collected, valueAsString: <collected>}
2020-09-05 11:23:26.575179 >>> {command: get_health}
2020-09-05 11:23:26.604807 <<< {isError: false, response: {status: ok}, type: _extensionType, method: ext.flutter.driver}
2020-09-05 11:25:05.849887 >>> {command: get_health}
2020-09-05 11:25:05.879990 <<< {isError: false, response: {status: ok}, type: _extensionType, method: ext.flutter.driver}
2020-09-05 11:55:06.473939 >>> {command: get_health}
2020-09-05 11:55:06.500765 <<< {isError: false, response: {status: ok}, type: _extensionType, method: ext.flutter.driver}
2020-09-05 12:31:05.920452 >>> {command: get_health}
2020-09-05 12:31:05.947854 <<< {isError: false, response: {status: ok}, type: _extensionType, method: ext.flutter.driver}
2020-09-05 12:38:25.335796 >>> {command: get_health}
2020-09-05 12:38:25.362812 <<< {isError: false, response: {status: ok}, type: _extensionType, method: ext.flutter.driver}
2020-09-05 12:38:57.588703 >>> {command: get_health}
2020-09-05 12:38:57.616727 <<< {isError: false, response: {status: ok}, type: _extensionType, method: ext.flutter.driver}
2020-09-05 12:42:47.319933 >>> {command: get_health}
2020-09-05 12:42:47.344023 <<< {isError: false, response: {status: ok}, type: _extensionType, method: ext.flutter.driver}
2020-09-05 12:43:16.168131 >>> {command: get_health}
2020-09-05 12:43:16.192323 <<< {isError: false, response: {status: ok}, type: _extensionType, method: ext.flutter.driver}
2020-09-05 12:43:37.833647 >>> {command: get_health}
2020-09-05 12:43:37.857991 <<< {isError: false, response: {status: ok}, type: _extensionType, method: ext.flutter.driver}
2020-09-05 12:44:02.140263 >>> {command: get_health}
2020-09-05 12:44:02.164398 <<< {isError: false, response: {status: ok}, type: _extensionType, method: ext.flutter.driver}
2020-09-05 12:44:25.382098 >>> {command: get_health}
2020-09-05 12:44:25.664246 <<< {isError: false, response: {status: ok}, type: _extensionType, method: ext.flutter.driver}
2020-09-05 12:47:17.604323 >>> {command: get_health}
2020-09-05 12:47:17.631945 <<< {isError: false, response: {status: ok}, type: _extensionType, method: ext.flutter.driver}
2020-09-05 12:48:38.995389 >>> {command: get_health}
2020-09-05 12:48:39.019241 <<< {isError: false, response: {status: ok}, type: _extensionType, method: ext.flutter.driver}
2020-09-05 12:49:11.115606 >>> {command: get_health}
2020-09-05 12:49:11.143823 <<< {isError: false, response: {status: ok}, type: _extensionType, method: ext.flutter.driver}
2020-09-05 12:52:05.315827 >>> {command: get_health}
2020-09-05 12:52:05.340843 <<< {isError: false, response: {status: ok}, type: _extensionType, method: ext.flutter.driver}
2020-09-05 12:53:29.619111 >>> {command: get_health}
2020-09-05 12:53:29.646911 <<< {isError: false, response: {status: ok}, type: _extensionType, method: ext.flutter.driver}
2020-09-05 12:58:23.419753 >>> {command: get_health}
2020-09-05 12:58:23.446830 <<< {isError: false, response: {status: ok}, type: _extensionType, method: ext.flutter.driver}
2020-09-05 12:59:50.984371 >>> {command: get_health}
2020-09-05 12:59:53.617043 <<< {isError: false, response: {status: ok}, type: _extensionType, method: ext.flutter.driver}
2020-09-05 13:02:55.066786 >>> {command: get_health}
2020-09-05 13:02:55.534989 <<< {isError: false, response: {status: ok}, type: _extensionType, method: ext.flutter.driver}
2020-09-05 13:07:20.711242 >>> {command: get_health}
2020-09-05 13:07:21.850747 <<< {isError: false, response: {status: ok}, type: _extensionType, method: ext.flutter.driver}
2020-09-05 13:15:58.904097 >>> {command: get_health}
2020-09-05 13:15:59.642043 <<< {isError: false, response: {status: ok}, type: _extensionType, method: ext.flutter.driver}
2020-09-05 13:24:36.184511 >>> {command: get_health}
2020-09-05 13:24:36.211709 <<< {isError: false, response: {status: ok}, type: _extensionType, method: ext.flutter.driver}
2020-09-05 13:29:32.781214 >>> {command: get_health}
2020-09-05 13:29:32.807098 <<< {isError: false, response: {status: ok}, type: _extensionType, method: ext.flutter.driver}
2020-09-05 13:41:41.092103 >>> {command: get_health}
2020-09-05 13:41:41.118423 <<< {isError: false, response: {status: ok}, type: _extensionType, method: ext.flutter.driver}
2020-09-05 13:42:04.147474 >>> {command: get_health}
2020-09-05 13:42:04.202177 <<< {isError: false, response: {status: ok}, type: _extensionType, method: ext.flutter.driver}
2020-09-05 13:43:49.581628 >>> {command: get_health}
2020-09-05 13:43:49.606163 <<< {isError: false, response: {status: ok}, type: _extensionType, method: ext.flutter.driver}
2020-09-05 13:44:18.567624 >>> {command: get_health}
2020-09-05 13:44:18.664985 <<< {isError: false, response: {status: ok}, type: _extensionType, method: ext.flutter.driver}
2020-09-05 13:47:38.828951 >>> {command: get_health}
2020-09-05 13:47:38.857189 <<< {isError: false, response: {status: ok}, type: _extensionType, method: ext.flutter.driver}
2020-09-05 13:48:08.480951 >>> {command: get_health}
2020-09-05 13:48:08.510525 <<< {isError: false, response: {status: ok}, type: _extensionType, method: ext.flutter.driver}
2020-09-05 13:48:43.529883 >>> {command: get_health}
2020-09-05 13:48:43.562694 <<< {isError: false, response: {status: ok}, type: _extensionType, method: ext.flutter.driver}
2020-09-05 14:15:28.045463 >>> {command: get_health}
2020-09-05 14:15:29.366991 <<< {isError: false, response: {status: ok}, type: _extensionType, method: ext.flutter.driver}
2020-09-05 14:31:58.624112 >>> {command: get_health}
2020-09-05 14:32:00.530660 <<< {isError: false, response: {status: ok}, type: _extensionType, method: ext.flutter.driver}
2020-09-05 14:32:54.210732 >>> {command: get_health}
2020-09-05 14:32:54.242117 <<< {isError: false, response: {status: ok}, type: _extensionType, method: ext.flutter.driver}
2020-09-05 14:35:09.492400 >>> {command: get_health}
2020-09-05 14:35:11.153511 <<< {isError: false, response: {status: ok}, type: _extensionType, method: ext.flutter.driver}
2020-09-05 14:35:35.025564 >>> {command: get_health}
2020-09-05 14:35:35.061946 <<< {isError: false, response: {status: ok}, type: _extensionType, method: ext.flutter.driver}
2020-09-05 14:36:33.367601 >>> {command: get_health}
2020-09-05 14:36:33.406909 <<< {isError: false, response: {status: ok}, type: _extensionType, method: ext.flutter.driver}
2020-09-05 14:38:29.283538 >>> {command: get_health}
2020-09-05 14:38:29.312029 <<< {isError: false, response: {status: ok}, type: _extensionType, method: ext.flutter.driver}
2020-09-05 14:39:39.377024 >>> {command: get_health}
2020-09-05 14:39:39.403923 <<< {isError: false, response: {status: ok}, type: _extensionType, method: ext.flutter.driver}
2020-09-05 15:06:47.016592 >>> {command: get_health}
2020-09-05 15:06:47.044684 <<< {isError: false, response: {status: ok}, type: _extensionType, method: ext.flutter.driver}
2020-09-05 15:07:44.811314 >>> {command: get_health}
2020-09-05 15:07:46.059065 <<< {isError: false, response: {status: ok}, type: _extensionType, method: ext.flutter.driver}
2020-09-05 15:08:16.599583 >>> {command: get_health}
2020-09-05 15:08:17.810166 <<< {isError: false, response: {status: ok}, type: _extensionType, method: ext.flutter.driver}
